{"name": "После оформления заказа его номер появляется в разделе \"В работе\"", "status": "failed", "statusDetails": {"message": "AssertionError: Номер нового заказа в разделе \"В работе\" не появляется\nassert '107812' == '107813'\n  \n  - 107813\n  ?      ^\n  + 107812\n  ?      ^", "trace": "self = <test_order_feed.TestOrderFeedPage object at 0x00000192E786C2C0>, driver = <selenium.webdriver.chrome.webdriver.WebDriver (session=\"1ca4f7b12fb77b26078810a11ba0eb8d\")>\nlogin = <selenium.webdriver.chrome.webdriver.WebDriver (session=\"1ca4f7b12fb77b26078810a11ba0eb8d\")>\n\n    @allure.title('После оформления заказа его номер появляется в разделе \"В работе\"')\n    def test_number_order_appears_in_work(self, driver, login):\n        main_page = MainPage(driver)\n        main_page.check_counter_ingredients()\n        main_page.drag_and_drop_on_element(locator_1=MainPageLocators.INGREDIENT, locator_2=MainPageLocators.DRAG_HERE)\n        main_page.click_button_create_order()\n        time.sleep(5)\n        order_number = main_page.check_order_number()\n        time.sleep(5)\n        main_page.click_button_close_in_modal_window()\n        main_page.click_button_order_feed()\n        order_feed_page = OrderFeedPage(driver)\n        order_number_in_work = order_feed_page.check_order_number_in_work()\n>       assert str(order_number) == order_number_in_work[1:], 'Номер нового заказа в разделе \"В работе\" не появляется'\nE       AssertionError: Номер нового заказа в разделе \"В работе\" не появляется\nE       assert '107812' == '107813'\nE         \nE         - 107813\nE         ?      ^\nE         + 107812\nE         ?      ^\n\ntests\\test_order_feed.py:84: AssertionError"}, "steps": [{"name": "Проверить счетчик ингредиента", "status": "passed", "start": 1723762237103, "stop": 1723762237635}, {"name": "Нажать на кнопку \"Оформить заказ\"", "status": "passed", "start": 1723762238204, "stop": 1723762238246}, {"name": "Проверить номер заказа", "status": "passed", "start": 1723762243247, "stop": 1723762243267}, {"name": "Нажать на крестик в модальном окне \"Детали ингредиента\"", "status": "passed", "start": 1723762248268, "stop": 1723762248312}, {"name": "Нажать на кнопку \"Лента заказов\"", "status": "passed", "start": 1723762248312, "stop": 1723762248552}, {"name": "Проверить номер заказа в разделе \"В работе\"", "status": "passed", "start": 1723762248552, "stop": 1723762251114}], "parameters": [{"name": "driver", "value": "'chrome'"}], "start": 1723762237102, "stop": 1723762251114, "uuid": "70d4ff56-e9d5-4e37-a4b9-fe455757ce58", "historyId": "c5c6dc4eede08c26f082729b62914241", "testCaseId": "f83e49053da7487511946738507445b0", "fullName": "tests.test_order_feed.TestOrderFeedPage#test_number_order_appears_in_work", "labels": [{"name": "parentSuite", "value": "tests"}, {"name": "suite", "value": "test_order_feed"}, {"name": "subSuite", "value": "TestOrderFeedPage"}, {"name": "host", "value": "WIN-KOBPQ3MGC7O"}, {"name": "thread", "value": "12732-MainThread"}, {"name": "framework", "value": "pytest"}, {"name": "language", "value": "cpython3"}, {"name": "package", "value": "tests.test_order_feed"}]}